<?xml version="1.0" encoding="UTF-8"?>
<testng-results ignored="0" total="3" passed="3" failed="0" skipped="0">
  <reporter-output>
  </reporter-output>
  <suite started-at="2023-08-25T02:33:23 ART" name="Default suite" finished-at="2023-08-25T02:33:28 ART" duration-ms="4583">
    <groups>
    </groups>
    <test started-at="2023-08-25T02:33:23 ART" name="Default test" finished-at="2023-08-25T02:33:28 ART" duration-ms="4583">
      <class name="storeTest.TestSearch">
        <test-method is-config="true" signature="StartDriver(java.lang.String)[pri:0, instance:storeTest.TestSearch@57cf54e1]" started-at="2023-08-25T02:33:19 ART" name="StartDriver" finished-at="2023-08-25T02:33:23 ART" duration-ms="4168" status="PASS">
          <params>
            <param index="0">
              <value>
                <![CDATA[chrome]]>
              </value>
            </param>
          </params>
          <reporter-output>
          </reporter-output>
        </test-method> <!-- StartDriver -->
        <test-method signature="Searchproduct()[pri:1, instance:storeTest.TestSearch@57cf54e1]" started-at="2023-08-25T02:33:23 ART" name="Searchproduct" finished-at="2023-08-25T02:33:24 ART" duration-ms="964" status="PASS">
          <reporter-output>
          </reporter-output>
        </test-method> <!-- Searchproduct -->
        <test-method signature="selectproduct()[pri:2, instance:storeTest.TestSearch@57cf54e1]" started-at="2023-08-25T02:33:24 ART" name="selectproduct" finished-at="2023-08-25T02:33:27 ART" depends-on-methods="storeTest.TestSearch.Searchproduct" duration-ms="2268" status="PASS">
          <reporter-output>
          </reporter-output>
        </test-method> <!-- selectproduct -->
        <test-method signature="removeItem()[pri:3, instance:storeTest.TestSearch@57cf54e1]" started-at="2023-08-25T02:33:27 ART" name="removeItem" finished-at="2023-08-25T02:33:28 ART" duration-ms="1297" status="PASS">
          <reporter-output>
          </reporter-output>
        </test-method> <!-- removeItem -->
        <test-method is-config="true" signature="CloseTab()[pri:0, instance:storeTest.TestSearch@57cf54e1]" started-at="2023-08-25T02:33:28 ART" name="CloseTab" finished-at="2023-08-25T02:33:28 ART" duration-ms="117" status="PASS">
          <reporter-output>
          </reporter-output>
        </test-method> <!-- CloseTab -->
      </class> <!-- storeTest.TestSearch -->
    </test> <!-- Default test -->
  </suite> <!-- Default suite -->
</testng-results>
