<?xml version="1.0" encoding="UTF-8"?>
<!-- Generated by org.testng.reporters.JUnitXMLReporter -->
<testsuite ignored="0" hostname="DESKTOP-1429IRN" failures="0" tests="3" name="Default test" time="4.583" errors="0" timestamp="2023-08-25T02:33:28 ART">
  <testcase classname="storeTest.TestSearch" name="Searchproduct" time="0.964"/>
  <testcase classname="storeTest.TestSearch" name="selectproduct" time="2.268"/>
  <testcase classname="storeTest.TestSearch" name="removeItem" time="1.297"/>
</testsuite> <!-- Default test -->
